# JRE version: OpenJDK Runtime Environment (8.0_152-b08) (build 1.8.0_152-release-915-b08)
# Java VM: OpenJDK 64-Bit Server VM (25.152-b08 mixed mode bsd-amd64 compressed oops)
Heap:
 PSYoungGen      total 76288K, used 7559K [0x00000007a0000000, 0x00000007a9500000, 0x00000007c0000000)
  eden space 65536K, 11% used [0x00000007a0000000,0x00000007a0761cb8,0x00000007a4000000)
  from space 10752K, 0% used [0x00000007a4000000,0x00000007a4000000,0x00000007a4a80000)
  to   space 10752K, 0% used [0x00000007a8a80000,0x00000007a8a80000,0x00000007a9500000)
 ParOldGen       total 101376K, used 7049K [0x0000000760000000, 0x0000000766300000, 0x00000007a0000000)
  object space 101376K, 6% used [0x0000000760000000,0x00000007606e2718,0x0000000766300000)
 Metaspace       used 21499K, capacity 22062K, committed 22400K, reserved 1069056K
  class space    used 2907K, capacity 3075K, committed 3200K, reserved 1048576K
GC Heap History (8 events):
Event: 1.343 GC heap before
{Heap before GC invocations=1 (full 0):
 PSYoungGen      total 76288K, used 65536K [0x00000007a0000000, 0x00000007a5500000, 0x00000007c0000000)
  eden space 65536K, 100% used [0x00000007a0000000,0x00000007a4000000,0x00000007a4000000)
  from space 10752K, 0% used [0x00000007a4a80000,0x00000007a4a80000,0x00000007a5500000)
  to   space 10752K, 0% used [0x00000007a4000000,0x00000007a4000000,0x00000007a4a80000)
 ParOldGen       total 175104K, used 0K [0x0000000760000000, 0x000000076ab00000, 0x00000007a0000000)
  object space 175104K, 0% used [0x0000000760000000,0x0000000760000000,0x000000076ab00000)
 Metaspace       used 11351K, capacity 11746K, committed 11904K, reserved 1058816K
  class space    used 1507K, capacity 1631K, committed 1664K, reserved 1048576K
Event: 1.356 GC heap after
Heap after GC invocations=1 (full 0):
 PSYoungGen      total 76288K, used 7764K [0x00000007a0000000, 0x00000007a5500000, 0x00000007c0000000)
  eden space 65536K, 0% used [0x00000007a0000000,0x00000007a0000000,0x00000007a4000000)
  from space 10752K, 72% used [0x00000007a4000000,0x00000007a4795098,0x00000007a4a80000)
  to   space 10752K, 0% used [0x00000007a4a80000,0x00000007a4a80000,0x00000007a5500000)
 ParOldGen       total 175104K, used 16K [0x0000000760000000, 0x000000076ab00000, 0x00000007a0000000)
  object space 175104K, 0% used [0x0000000760000000,0x0000000760004000,0x000000076ab00000)
 Metaspace       used 11351K, capacity 11746K, committed 11904K, reserved 1058816K
  class space    used 1507K, capacity 1631K, committed 1664K, reserved 1048576K
}
Event: 2.850 GC heap before
{Heap before GC invocations=2 (full 0):
 PSYoungGen      total 76288K, used 73300K [0x00000007a0000000, 0x00000007a5500000, 0x00000007c0000000)
  eden space 65536K, 100% used [0x00000007a0000000,0x00000007a4000000,0x00000007a4000000)
  from space 10752K, 72% used [0x00000007a4000000,0x00000007a4795098,0x00000007a4a80000)
  to   space 10752K, 0% used [0x00000007a4a80000,0x00000007a4a80000,0x00000007a5500000)
 ParOldGen       total 175104K, used 16K [0x0000000760000000, 0x000000076ab00000, 0x00000007a0000000)
  object space 175104K, 0% used [0x0000000760000000,0x0000000760004000,0x000000076ab00000)
 Metaspace       used 20034K, capacity 20520K, committed 20736K, reserved 1067008K
  class space    used 2788K, capacity 2945K, committed 3072K, reserved 1048576K
Event: 2.867 GC heap after
Heap after GC invocations=2 (full 0):
 PSYoungGen      total 76288K, used 10738K [0x00000007a0000000, 0x00000007a5500000, 0x00000007c0000000)
  eden space 65536K, 0% used [0x00000007a0000000,0x00000007a0000000,0x00000007a4000000)
  from space 10752K, 99% used [0x00000007a4a80000,0x00000007a54fc838,0x00000007a5500000)
  to   space 10752K, 0% used [0x00000007a4000000,0x00000007a4000000,0x00000007a4a80000)
 ParOldGen       total 175104K, used 1911K [0x0000000760000000, 0x000000076ab00000, 0x00000007a0000000)
  object space 175104K, 1% used [0x0000000760000000,0x00000007601ddc10,0x000000076ab00000)
 Metaspace       used 20034K, capacity 20520K, committed 20736K, reserved 1067008K
  class space    used 2788K, capacity 2945K, committed 3072K, reserved 1048576K
}
Event: 3.017 GC heap before
{Heap before GC invocations=3 (full 0):
 PSYoungGen      total 76288K, used 18727K [0x00000007a0000000, 0x00000007a5500000, 0x00000007c0000000)
  eden space 65536K, 12% used [0x00000007a0000000,0x00000007a07cd538,0x00000007a4000000)
  from space 10752K, 99% used [0x00000007a4a80000,0x00000007a54fc838,0x00000007a5500000)
  to   space 10752K, 0% used [0x00000007a4000000,0x00000007a4000000,0x00000007a4a80000)
 ParOldGen       total 175104K, used 1911K [0x0000000760000000, 0x000000076ab00000, 0x00000007a0000000)
  object space 175104K, 1% used [0x0000000760000000,0x00000007601ddc10,0x000000076ab00000)
 Metaspace       used 20609K, capacity 21128K, committed 21248K, reserved 1067008K
  class space    used 2864K, capacity 3041K, committed 3072K, reserved 1048576K
Event: 3.030 GC heap after
Heap after GC invocations=3 (full 0):
 PSYoungGen      total 76288K, used 7190K [0x00000007a0000000, 0x00000007a9500000, 0x00000007c0000000)
  eden space 65536K, 0% used [0x00000007a0000000,0x00000007a0000000,0x00000007a4000000)
  from space 10752K, 66% used [0x00000007a4000000,0x00000007a4705a28,0x00000007a4a80000)
  to   space 10752K, 0% used [0x00000007a8a80000,0x00000007a8a80000,0x00000007a9500000)
 ParOldGen       total 175104K, used 1919K [0x0000000760000000, 0x000000076ab00000, 0x00000007a0000000)
  object space 175104K, 1% used [0x0000000760000000,0x00000007601dfc10,0x000000076ab00000)
 Metaspace       used 20609K, capacity 21128K, committed 21248K, reserved 1067008K
  class space    used 2864K, capacity 3041K, committed 3072K, reserved 1048576K
}
Event: 3.030 GC heap before
{Heap before GC invocations=4 (full 1):
 PSYoungGen      total 76288K, used 7190K [0x00000007a0000000, 0x00000007a9500000, 0x00000007c0000000)
  eden space 65536K, 0% used [0x00000007a0000000,0x00000007a0000000,0x00000007a4000000)
  from space 10752K, 66% used [0x00000007a4000000,0x00000007a4705a28,0x00000007a4a80000)
  to   space 10752K, 0% used [0x00000007a8a80000,0x00000007a8a80000,0x00000007a9500000)
 ParOldGen       total 175104K, used 1919K [0x0000000760000000, 0x000000076ab00000, 0x00000007a0000000)
  object space 175104K, 1% used [0x0000000760000000,0x00000007601dfc10,0x000000076ab00000)
 Metaspace       used 20609K, capacity 21128K, committed 21248K, reserved 1067008K
  class space    used 2864K, capacity 3041K, committed 3072K, reserved 1048576K
Event: 3.090 GC heap after
Heap after GC invocations=4 (full 1):
 PSYoungGen      total 76288K, used 0K [0x00000007a0000000, 0x00000007a9500000, 0x00000007c0000000)
  eden space 65536K, 0% used [0x00000007a0000000,0x00000007a0000000,0x00000007a4000000)
  from space 10752K, 0% used [0x00000007a4000000,0x00000007a4000000,0x00000007a4a80000)
  to   space 10752K, 0% used [0x00000007a8a80000,0x00000007a8a80000,0x00000007a9500000)
 ParOldGen       total 101376K, used 7049K [0x0000000760000000, 0x0000000766300000, 0x00000007a0000000)
  object space 101376K, 6% used [0x0000000760000000,0x00000007606e2718,0x0000000766300000)
 Metaspace       used 20609K, capacity 21128K, committed 21248K, reserved 1067008K
  class space    used 2864K, capacity 3041K, committed 3072K, reserved 1048576K
}

